<?xml version="1.0" encoding="UTF-8"?>
<!-- Generated by org.testng.reporters.JUnitXMLReporter -->
<testsuite ignored="0" hostname="Pratham-Home-Desktop" failures="0" tests="5" name="GroupDemoTest" time="0.061" errors="0" timestamp="2024-07-11T10:41:29 IST">
  <testcase classname="Test.GroupExapmle" name="tc1" time="0.012"/>
  <testcase classname="Test.GroupExapmle" name="tc2" time="0.001"/>
  <testcase classname="Test.GroupExapmle" name="tc3" time="0.001"/>
  <testcase classname="Test.GroupExapmle" name="tc4" time="0.001"/>
  <testcase classname="Test.GroupExapmle" name="tc5" time="0.001"/>
</testsuite> <!-- GroupDemoTest -->
