<?xml version="1.0" encoding="UTF-8"?>
<testng-results ignored="0" total="2" passed="2" failed="0" skipped="0">
  <reporter-output>
    <line>
      <![CDATA[username = in-dan@gmail.com]]>
    </line>
    <line>
      <![CDATA[password = in-test123]]>
    </line>
    <line>
      <![CDATA[username = dan@gmail.com]]>
    </line>
    <line>
      <![CDATA[password = test123]]>
    </line>
  </reporter-output>
  <suite started-at="2024-07-12T14:50:28 IST" name="Suite" finished-at="2024-07-12T14:50:28 IST" duration-ms="56">
    <groups>
    </groups>
    <test started-at="2024-07-12T14:50:28 IST" name="paraexe" finished-at="2024-07-12T14:50:28 IST" duration-ms="56">
      <class name="Test.ParameterExample">
        <test-method signature="invalidLogin(java.lang.String,java.lang.String)[pri:0, instance:Test.ParameterExample@61862a7f]" started-at="2024-07-12T14:50:28 IST" name="invalidLogin" finished-at="2024-07-12T14:50:28 IST" duration-ms="14" status="PASS">
          <params>
            <param index="0">
              <value>
                <![CDATA[in-dan@gmail.com]]>
              </value>
            </param>
            <param index="1">
              <value>
                <![CDATA[in-test123]]>
              </value>
            </param>
          </params>
          <reporter-output>
            <line>
              <![CDATA[username = in-dan@gmail.com]]>
            </line>
            <line>
              <![CDATA[password = in-test123]]>
            </line>
          </reporter-output>
        </test-method> <!-- invalidLogin -->
        <test-method signature="validLogin(java.lang.String,java.lang.String)[pri:0, instance:Test.ParameterExample@61862a7f]" started-at="2024-07-12T14:50:28 IST" name="validLogin" finished-at="2024-07-12T14:50:28 IST" duration-ms="1" status="PASS">
          <params>
            <param index="0">
              <value>
                <![CDATA[dan@gmail.com]]>
              </value>
            </param>
            <param index="1">
              <value>
                <![CDATA[test123]]>
              </value>
            </param>
          </params>
          <reporter-output>
            <line>
              <![CDATA[username = dan@gmail.com]]>
            </line>
            <line>
              <![CDATA[password = test123]]>
            </line>
          </reporter-output>
        </test-method> <!-- validLogin -->
      </class> <!-- Test.ParameterExample -->
    </test> <!-- paraexe -->
  </suite> <!-- Suite -->
</testng-results>
