<?xml version="1.0" encoding="UTF-8"?>
<!-- Generated by org.testng.reporters.JUnitXMLReporter -->
<testsuite ignored="0" hostname="Pratham-Home-Desktop" failures="0" tests="5" name="Default test" time="0.076" errors="0" timestamp="2024-07-11T11:57:13 IST">
  <testcase classname="Test.DefaultGroup" name="tc1" time="0.014"/>
  <testcase classname="Test.DefaultGroup" name="tc2" time="0.002"/>
  <testcase classname="Test.DefaultGroup" name="tc3" time="0.002"/>
  <testcase classname="Test.DefaultGroup" name="tc4" time="0.002"/>
  <testcase classname="Test.DefaultGroup" name="tc5" time="0.002"/>
</testsuite> <!-- Default test -->
